<?xml version="1.0" encoding="UTF-8"?>
<!-- Generated by org.testng.reporters.JUnitXMLReporter -->
<testsuite ignored="0" hostname="PFTBLR-LT-500" failures="0" tests="1" name="Test" time="6.658" errors="0" timestamp="2024-03-07T22:14:35 IST">
  <testcase classname="com.OrangeHRM.TestClasses.TestBaseClass" name="@AfterClass tearDown" time="0.001">
    <failure type="java.lang.NullPointerException" message="Cannot invoke &amp;quot;org.openqa.selenium.WebDriver.quit()&amp;quot; because &amp;quot;this.driver&amp;quot; is null">
      <![CDATA[java.lang.NullPointerException: Cannot invoke "org.openqa.selenium.WebDriver.quit()" because "this.driver" is null
at com.OrangeHRM.TestClasses.TestBaseClass.tearDown(TestBaseClass.java:29)
at java.base/java.util.ArrayList.forEach(ArrayList.java:1596)
... Removed 23 stack frames]]>
    </failure>
  </testcase> <!-- @AfterClass tearDown -->
  <testcase classname="com.OrangeHRM.TestClasses.Test1" name="Test" time="0.008"/>
</testsuite> <!-- Test -->
