<?xml version="1.0" encoding="UTF-8"?>
<!-- Generated by org.testng.reporters.JUnitXMLReporter -->
<testsuite ignored="0" hostname="PFTBLR-LT-500" failures="0" tests="3" name="Test" time="28.747" errors="0" timestamp="2024-03-14T20:56:23 IST">
  <testcase classname="com.OrangeHRM.TestClasses.TC1" name="FunctionalityTest" time="0.009"/>
  <testcase classname="com.OrangeHRM.TestClasses.TC2" name="FunctionalityTest" time="0.0"/>
  <testcase classname="com.OrangeHRM.TestClasses.TC3" name="FunctionalityTest" time="0.0"/>
</testsuite> <!-- Test -->
