<?xml version="1.0" encoding="UTF-8"?>
<testng-results ignored="0" total="1" passed="1" failed="0" skipped="0">
  <reporter-output>
  </reporter-output>
  <suite started-at="2024-03-10T14:33:03 IST" name="Default suite" finished-at="2024-03-10T14:33:14 IST" duration-ms="10259">
    <groups>
    </groups>
    <test started-at="2024-03-10T14:33:03 IST" name="Default test" finished-at="2024-03-10T14:33:14 IST" duration-ms="10259">
      <class name="com.OrangeHRM.TestClasses.TestCase">
        <test-method is-config="true" signature="setUp()[pri:0, instance:com.OrangeHRM.TestClasses.TestCase@7c37508a]" started-at="2024-03-10T14:33:03 IST" name="setUp" finished-at="2024-03-10T14:33:09 IST" duration-ms="5599" status="PASS">
          <reporter-output>
          </reporter-output>
        </test-method> <!-- setUp -->
        <test-method is-config="true" signature="login()[pri:0, instance:com.OrangeHRM.TestClasses.TestCase@7c37508a]" started-at="2024-03-10T14:33:09 IST" name="login" finished-at="2024-03-10T14:33:10 IST" duration-ms="762" status="PASS">
          <reporter-output>
          </reporter-output>
        </test-method> <!-- login -->
        <test-method signature="FunctionalityTest()[pri:0, instance:com.OrangeHRM.TestClasses.TestCase@7c37508a]" started-at="2024-03-10T14:33:10 IST" name="FunctionalityTest" finished-at="2024-03-10T14:33:10 IST" duration-ms="7" status="PASS">
          <reporter-output>
          </reporter-output>
        </test-method> <!-- FunctionalityTest -->
        <test-method is-config="true" signature="logout()[pri:0, instance:com.OrangeHRM.TestClasses.TestCase@7c37508a]" started-at="2024-03-10T14:33:10 IST" name="logout" finished-at="2024-03-10T14:33:13 IST" duration-ms="3666" status="PASS">
          <reporter-output>
          </reporter-output>
        </test-method> <!-- logout -->
        <test-method is-config="true" signature="tearDown()[pri:0, instance:com.OrangeHRM.TestClasses.TestCase@7c37508a]" started-at="2024-03-10T14:33:13 IST" name="tearDown" finished-at="2024-03-10T14:33:14 IST" duration-ms="195" status="PASS">
          <reporter-output>
          </reporter-output>
        </test-method> <!-- tearDown -->
      </class> <!-- com.OrangeHRM.TestClasses.TestCase -->
    </test> <!-- Default test -->
  </suite> <!-- Default suite -->
</testng-results>
