<?xml version="1.0" encoding="UTF-8"?>
<testng-results ignored="0" total="3" passed="3" failed="0" skipped="0">
  <reporter-output>
  </reporter-output>
  <suite started-at="2024-03-14T20:55:54 IST" name="Suite" finished-at="2024-03-14T20:56:23 IST" duration-ms="28747">
    <groups>
    </groups>
    <test started-at="2024-03-14T20:55:54 IST" name="Test" finished-at="2024-03-14T20:56:23 IST" duration-ms="28747">
      <class name="com.OrangeHRM.TestClasses.TC2">
        <test-method is-config="true" signature="setUp()[pri:0, instance:com.OrangeHRM.TestClasses.TC2@6892b3b6]" started-at="2024-03-14T20:56:04 IST" name="setUp" finished-at="2024-03-14T20:56:08 IST" duration-ms="4345" status="PASS">
          <reporter-output>
          </reporter-output>
        </test-method> <!-- setUp -->
        <test-method is-config="true" signature="login()[pri:0, instance:com.OrangeHRM.TestClasses.TC2@6892b3b6]" started-at="2024-03-14T20:56:08 IST" name="login" finished-at="2024-03-14T20:56:09 IST" duration-ms="635" status="PASS">
          <reporter-output>
          </reporter-output>
        </test-method> <!-- login -->
        <test-method signature="FunctionalityTest()[pri:0, instance:com.OrangeHRM.TestClasses.TC2@6892b3b6]" started-at="2024-03-14T20:56:09 IST" name="FunctionalityTest" finished-at="2024-03-14T20:56:09 IST" duration-ms="0" status="PASS">
          <reporter-output>
          </reporter-output>
        </test-method> <!-- FunctionalityTest -->
        <test-method is-config="true" signature="logout()[pri:0, instance:com.OrangeHRM.TestClasses.TC2@6892b3b6]" started-at="2024-03-14T20:56:09 IST" name="logout" finished-at="2024-03-14T20:56:13 IST" duration-ms="3903" status="PASS">
          <reporter-output>
          </reporter-output>
        </test-method> <!-- logout -->
        <test-method is-config="true" signature="tearDown()[pri:0, instance:com.OrangeHRM.TestClasses.TC2@6892b3b6]" started-at="2024-03-14T20:56:13 IST" name="tearDown" finished-at="2024-03-14T20:56:13 IST" duration-ms="230" status="PASS">
          <reporter-output>
          </reporter-output>
        </test-method> <!-- tearDown -->
      </class> <!-- com.OrangeHRM.TestClasses.TC2 -->
      <class name="com.OrangeHRM.TestClasses.TC1">
        <test-method is-config="true" signature="setUp()[pri:0, instance:com.OrangeHRM.TestClasses.TC1@26d9b808]" started-at="2024-03-14T20:55:54 IST" name="setUp" finished-at="2024-03-14T20:55:59 IST" duration-ms="4800" status="PASS">
          <reporter-output>
          </reporter-output>
        </test-method> <!-- setUp -->
        <test-method is-config="true" signature="login()[pri:0, instance:com.OrangeHRM.TestClasses.TC1@26d9b808]" started-at="2024-03-14T20:55:59 IST" name="login" finished-at="2024-03-14T20:55:59 IST" duration-ms="532" status="PASS">
          <reporter-output>
          </reporter-output>
        </test-method> <!-- login -->
        <test-method signature="FunctionalityTest()[pri:0, instance:com.OrangeHRM.TestClasses.TC1@26d9b808]" started-at="2024-03-14T20:55:59 IST" name="FunctionalityTest" finished-at="2024-03-14T20:55:59 IST" duration-ms="9" status="PASS">
          <reporter-output>
          </reporter-output>
        </test-method> <!-- FunctionalityTest -->
        <test-method is-config="true" signature="logout()[pri:0, instance:com.OrangeHRM.TestClasses.TC1@26d9b808]" started-at="2024-03-14T20:55:59 IST" name="logout" finished-at="2024-03-14T20:56:04 IST" duration-ms="4338" status="PASS">
          <reporter-output>
          </reporter-output>
        </test-method> <!-- logout -->
        <test-method is-config="true" signature="tearDown()[pri:0, instance:com.OrangeHRM.TestClasses.TC1@26d9b808]" started-at="2024-03-14T20:56:04 IST" name="tearDown" finished-at="2024-03-14T20:56:04 IST" duration-ms="224" status="PASS">
          <reporter-output>
          </reporter-output>
        </test-method> <!-- tearDown -->
      </class> <!-- com.OrangeHRM.TestClasses.TC1 -->
      <class name="com.OrangeHRM.TestClasses.TC3">
        <test-method is-config="true" signature="setUp()[pri:0, instance:com.OrangeHRM.TestClasses.TC3@76a4ebf2]" started-at="2024-03-14T20:56:13 IST" name="setUp" finished-at="2024-03-14T20:56:18 IST" duration-ms="5097" status="PASS">
          <reporter-output>
          </reporter-output>
        </test-method> <!-- setUp -->
        <test-method is-config="true" signature="login()[pri:0, instance:com.OrangeHRM.TestClasses.TC3@76a4ebf2]" started-at="2024-03-14T20:56:18 IST" name="login" finished-at="2024-03-14T20:56:19 IST" duration-ms="710" status="PASS">
          <reporter-output>
          </reporter-output>
        </test-method> <!-- login -->
        <test-method signature="FunctionalityTest()[pri:0, instance:com.OrangeHRM.TestClasses.TC3@76a4ebf2]" started-at="2024-03-14T20:56:19 IST" name="FunctionalityTest" finished-at="2024-03-14T20:56:19 IST" duration-ms="0" status="PASS">
          <reporter-output>
          </reporter-output>
        </test-method> <!-- FunctionalityTest -->
        <test-method is-config="true" signature="logout()[pri:0, instance:com.OrangeHRM.TestClasses.TC3@76a4ebf2]" started-at="2024-03-14T20:56:19 IST" name="logout" finished-at="2024-03-14T20:56:22 IST" duration-ms="3582" status="PASS">
          <reporter-output>
          </reporter-output>
        </test-method> <!-- logout -->
        <test-method is-config="true" signature="tearDown()[pri:0, instance:com.OrangeHRM.TestClasses.TC3@76a4ebf2]" started-at="2024-03-14T20:56:22 IST" name="tearDown" finished-at="2024-03-14T20:56:23 IST" duration-ms="315" status="PASS">
          <reporter-output>
          </reporter-output>
        </test-method> <!-- tearDown -->
      </class> <!-- com.OrangeHRM.TestClasses.TC3 -->
    </test> <!-- Test -->
  </suite> <!-- Suite -->
</testng-results>
